2017-12-26T10:17:02+07:00 Starting pull code ...
Your branch is up-to-date with 'origin/staging'.
2017-12-26T10:18:01+07:00 Starting pull code ...
Your branch is up-to-date with 'origin/staging'.
2017-12-26T10:19:01+07:00 Starting pull code ...
Your branch is up-to-date with 'origin/staging'.
2017-12-26T10:20:01+07:00 Starting pull code ...
Your branch is up-to-date with 'origin/staging'.
2017-12-26T10:21:01+07:00 Starting pull code ...
Your branch is up-to-date with 'origin/staging'.
2017-12-26T10:22:01+07:00 Starting pull code ...
Your branch is up-to-date with 'origin/staging'.
2017-12-26T10:23:01+07:00 Starting pull code ...
Your branch is up-to-date with 'origin/staging'.
2017-12-26T10:24:01+07:00 Starting pull code ...
Your branch is up-to-date with 'origin/staging'.
2017-12-26T10:25:01+07:00 Starting pull code ...
Your branch is up-to-date with 'origin/staging'.
2017-12-26T10:26:01+07:00 Starting pull code ...\n\n
Your branch is up-to-date with 'origin/staging'.
Branch S_TWTools set up to track remote branch S_TWTools from origin.
2017-12-26T10:27:01+07:00 Starting deploy twtools.co.uk ...nn
Your branch is up-to-date with 'origin/staging'.
Your branch is up-to-date with 'origin/S_TWTools'.

2017-12-26T10:28:01+07:00 Starting deploy twtools.co.uk ...Your branch is up-to-date with 'origin/staging'.
Your branch is up-to-date with 'origin/S_TWTools'.

2017-12-26T10:29:01+07:00 Starting deploy twtools.co.uk ...
Your branch is up-to-date with 'origin/staging'.
Your branch is up-to-date with 'origin/S_TWTools'.

2017-12-26T10:30:01+07:00 Starting deploy twtools.co.uk ...
Your branch is up-to-date with 'origin/staging'.
Your branch is up-to-date with 'origin/S_TWTools'.

2017-12-26T10:31:01+07:00 Starting deploy twtools.co.uk ...
Your branch is up-to-date with 'origin/staging'.
Your branch is up-to-date with 'origin/S_TWTools'.

2017-12-26T10:32:01+07:00 Starting deploy twtools.co.uk ...
Your branch is up-to-date with 'origin/staging'.
Your branch is up-to-date with 'origin/S_TWTools'.

2017-12-26T10:33:01+07:00 Starting deploy twtools.co.uk ...
Your branch is up-to-date with 'origin/staging'.
Your branch is up-to-date with 'origin/S_TWTools'.

2017-12-26T10:34:01+07:00 Starting deploy twtools.co.uk ...
Your branch is up-to-date with 'origin/staging'.
Your branch is up-to-date with 'origin/S_TWTools'.

2017-12-26T10:36:01+07:00 Starting deploy twtools.co.uk ...
Your branch is up-to-date with 'origin/staging'.
Your branch is up-to-date with 'origin/S_TWTools'.

2017-12-26T10:37:01+07:00 Starting deploy twtools.co.uk ...
Your branch is up-to-date with 'origin/staging'.
Your branch is up-to-date with 'origin/S_TWTools'.

2017-12-26T10:38:01+07:00 Starting deploy twtools.co.uk ...
Your branch is up-to-date with 'origin/staging'.
Your branch is up-to-date with 'origin/S_TWTools'.

2017-12-26T10:39:01+07:00 Starting deploy twtools.co.uk ...
Your branch is up-to-date with 'origin/staging'.
Your branch is up-to-date with 'origin/S_TWTools'.

2017-12-26T10:40:01+07:00 Starting deploy twtools.co.uk ...
Your branch is up-to-date with 'origin/staging'.
Your branch is up-to-date with 'origin/S_TWTools'.

2017-12-26T10:41:01+07:00 Starting deploy twtools.co.uk ...
Your branch is up-to-date with 'origin/staging'.
Your branch is up-to-date with 'origin/S_TWTools'.
activate magento plugin
activate magento pluginactivate magento plugin
activate magento plugin

activate magento plugin
activate magento plugin

2017-12-26T10:42:01+07:00 Starting deploy twtools.co.uk ...
Your branch is up-to-date with 'origin/staging'.
Your branch is up-to-date with 'origin/S_TWTools'.
activate magento plugin

2017-12-26T10:43:01+07:00 Starting deploy twtools.co.uk ...
Your branch is up-to-date with 'origin/staging'.
Your branch is up-to-date with 'origin/S_TWTools'.
activate magento plugin

2017-12-26T10:44:01+07:00 Starting deploy twtools.co.uk ...
Your branch is up-to-date with 'origin/staging'.
Your branch is up-to-date with 'origin/S_TWTools'.
activate magento plugin

2017-12-26T10:45:01+07:00 Starting deploy twtools.co.uk ...
Your branch is up-to-date with 'origin/staging'.
Your branch is up-to-date with 'origin/S_TWTools'.
activate magento plugin

2017-12-26T10:46:01+07:00 Starting deploy twtools.co.uk ...
Your branch is up-to-date with 'origin/staging'.
Your branch is up-to-date with 'origin/S_TWTools'.
activate magento plugin

2017-12-26T10:47:01+07:00 Starting deploy twtools.co.uk ...
Your branch is up-to-date with 'origin/staging'.
Your branch is up-to-date with 'origin/S_TWTools'.
activate magento plugin

2017-12-26T10:48:01+07:00 Starting deploy twtools.co.uk ...
Your branch is up-to-date with 'origin/staging'.
Your branch is up-to-date with 'origin/S_TWTools'.
activate magento plugin

2017-12-26T10:49:02+07:00 Starting deploy twtools.co.uk ...
Your branch is up-to-date with 'origin/staging'.
Your branch is up-to-date with 'origin/S_TWTools'.
activate magento plugin

2017-12-26T10:50:02+07:00 Starting deploy twtools.co.uk ...
Your branch is up-to-date with 'origin/staging'.
Your branch is up-to-date with 'origin/S_TWTools'.
activate magento plugin

2017-12-26T10:51:01+07:00 Starting deploy twtools.co.uk ...
Your branch is up-to-date with 'origin/staging'.
Your branch is up-to-date with 'origin/S_TWTools'.
activate magento plugin

2017-12-26T10:52:01+07:00 Starting deploy twtools.co.uk ...
Your branch is up-to-date with 'origin/staging'.
Your branch is up-to-date with 'origin/S_TWTools'.
activate magento plugin

2017-12-26T10:53:01+07:00 Starting deploy twtools.co.uk ...
Your branch is up-to-date with 'origin/staging'.
Your branch is up-to-date with 'origin/S_TWTools'.
activate magento plugin
start magento deploy via deployManager
start magento deploy for magento/magento2-base
jump over deployLibraries as no Magento libraryPath is set
start magento deploy via deployManager
start magento deploy for magento/magento2-base
start magento deploy via deployManager
start magento deploy for magento/magento2-base
jump over deployLibraries as no Magento libraryPath is set
start magento deploy via deployManager
jump over deployLibraries as no Magento libraryPath is set
jump over deployLibraries as no Magento libraryPath is set
start magento deploy via deployManager
jump over deployLibraries as no Magento libraryPath is set

2017-12-26T10:54:01+07:00 Starting deploy twtools.co.uk ...
Your branch is up-to-date with 'origin/staging'.
Your branch is up-to-date with 'origin/S_TWTools'.
activate magento plugin
start magento deploy via deployManager
jump over deployLibraries as no Magento libraryPath is set

2017-12-26T10:55:01+07:00 Starting deploy twtools.co.uk ...
Your branch is up-to-date with 'origin/staging'.
Your branch is up-to-date with 'origin/S_TWTools'.
activate magento plugin
start magento deploy via deployManager
jump over deployLibraries as no Magento libraryPath is set

2017-12-26T10:56:01+07:00 Starting deploy twtools.co.uk ...
Your branch is up-to-date with 'origin/staging'.
Your branch is up-to-date with 'origin/S_TWTools'.
activate magento plugin
start magento deploy via deployManager
jump over deployLibraries as no Magento libraryPath is set

2017-12-26T10:57:01+07:00 Starting deploy twtools.co.uk ...
Your branch is up-to-date with 'origin/staging'.
Your branch is up-to-date with 'origin/S_TWTools'.
activate magento plugin
start magento deploy via deployManager
jump over deployLibraries as no Magento libraryPath is set

2017-12-26T10:58:01+07:00 Starting deploy twtools.co.uk ...
Your branch is up-to-date with 'origin/staging'.
Your branch is up-to-date with 'origin/S_TWTools'.
activate magento plugin
start magento deploy via deployManager
jump over deployLibraries as no Magento libraryPath is set

2017-12-26T10:59:01+07:00 Starting deploy twtools.co.uk ...
Your branch is up-to-date with 'origin/staging'.
Your branch is up-to-date with 'origin/S_TWTools'.
activate magento plugin
start magento deploy via deployManager
jump over deployLibraries as no Magento libraryPath is set

2017-12-26T11:00:01+07:00 Starting deploy twtools.co.uk ...
Your branch is up-to-date with 'origin/staging'.
Your branch is up-to-date with 'origin/S_TWTools'.
activate magento plugin
start magento deploy via deployManager
jump over deployLibraries as no Magento libraryPath is set

2017-12-26T11:01:01+07:00 Starting deploy twtools.co.uk ...
Your branch is up-to-date with 'origin/staging'.
Your branch is up-to-date with 'origin/S_TWTools'.
activate magento plugin
start magento deploy via deployManager
jump over deployLibraries as no Magento libraryPath is set

2017-12-26T11:02:01+07:00 Starting deploy twtools.co.uk ...
Your branch is up-to-date with 'origin/staging'.
Your branch is up-to-date with 'origin/S_TWTools'.
activate magento plugin
start magento deploy via deployManager
jump over deployLibraries as no Magento libraryPath is set

2017-12-26T11:03:01+07:00 Starting deploy twtools.co.uk ...
Your branch is up-to-date with 'origin/staging'.
Your branch is up-to-date with 'origin/S_TWTools'.
activate magento plugin
start magento deploy via deployManager
jump over deployLibraries as no Magento libraryPath is set

2017-12-26T11:04:01+07:00 Starting deploy twtools.co.uk ...
Your branch is up-to-date with 'origin/staging'.
Your branch is up-to-date with 'origin/S_TWTools'.
activate magento plugin
start magento deploy via deployManager
jump over deployLibraries as no Magento libraryPath is set

2017-12-26T11:05:01+07:00 Starting deploy twtools.co.uk ...
Your branch is up-to-date with 'origin/staging'.
Your branch is up-to-date with 'origin/S_TWTools'.
activate magento plugin
start magento deploy via deployManager
jump over deployLibraries as no Magento libraryPath is set

2017-12-26T11:06:01+07:00 Starting deploy twtools.co.uk ...
Your branch is up-to-date with 'origin/staging'.
Your branch is up-to-date with 'origin/S_TWTools'.
activate magento plugin
start magento deploy via deployManager
jump over deployLibraries as no Magento libraryPath is set

2017-12-26T11:07:01+07:00 Starting deploy twtools.co.uk ...
Your branch is up-to-date with 'origin/staging'.
Your branch is up-to-date with 'origin/S_TWTools'.
activate magento plugin
start magento deploy via deployManager
jump over deployLibraries as no Magento libraryPath is set

2017-12-26T11:08:01+07:00 Starting deploy twtools.co.uk ...
Your branch is up-to-date with 'origin/staging'.
Your branch is up-to-date with 'origin/S_TWTools'.
activate magento plugin
start magento deploy via deployManager
jump over deployLibraries as no Magento libraryPath is set

2017-12-26T11:09:01+07:00 Starting deploy twtools.co.uk ...
Your branch is up-to-date with 'origin/staging'.
Your branch is up-to-date with 'origin/S_TWTools'.
activate magento plugin
start magento deploy via deployManager
jump over deployLibraries as no Magento libraryPath is set

2017-12-26T11:10:01+07:00 Starting deploy twtools.co.uk ...
Your branch is up-to-date with 'origin/staging'.
Your branch is up-to-date with 'origin/S_TWTools'.
activate magento plugin
start magento deploy via deployManager
jump over deployLibraries as no Magento libraryPath is set

2017-12-26T11:11:01+07:00 Starting deploy twtools.co.uk ...
Your branch is up-to-date with 'origin/staging'.
Your branch is up-to-date with 'origin/S_TWTools'.
activate magento plugin
start magento deploy via deployManager
jump over deployLibraries as no Magento libraryPath is set

2017-12-26T11:12:01+07:00 Starting deploy twtools.co.uk ...
Your branch is up-to-date with 'origin/staging'.
Your branch is up-to-date with 'origin/S_TWTools'.
activate magento plugin
start magento deploy via deployManager
jump over deployLibraries as no Magento libraryPath is set

2017-12-26T11:13:01+07:00 Starting deploy twtools.co.uk ...
Your branch is up-to-date with 'origin/staging'.
Your branch is up-to-date with 'origin/S_TWTools'.
activate magento plugin
start magento deploy via deployManager
jump over deployLibraries as no Magento libraryPath is set

2017-12-26T11:14:01+07:00 Starting deploy twtools.co.uk ...
Your branch is up-to-date with 'origin/staging'.
Your branch is up-to-date with 'origin/S_TWTools'.
activate magento plugin
start magento deploy via deployManager
jump over deployLibraries as no Magento libraryPath is set

2017-12-26T11:15:01+07:00 Starting deploy twtools.co.uk ...
Your branch is up-to-date with 'origin/staging'.
Your branch is up-to-date with 'origin/S_TWTools'.
activate magento plugin
start magento deploy via deployManager
jump over deployLibraries as no Magento libraryPath is set

2017-12-26T11:16:01+07:00 Starting deploy twtools.co.uk ...
Your branch is up-to-date with 'origin/staging'.
Your branch is up-to-date with 'origin/S_TWTools'.
activate magento plugin
start magento deploy via deployManager
jump over deployLibraries as no Magento libraryPath is set

2017-12-26T11:17:01+07:00 Starting deploy twtools.co.uk ...
Your branch is up-to-date with 'origin/staging'.
Your branch is up-to-date with 'origin/S_TWTools'.
activate magento plugin
start magento deploy via deployManager
jump over deployLibraries as no Magento libraryPath is set

2017-12-26T11:18:01+07:00 Starting deploy twtools.co.uk ...
Your branch is up-to-date with 'origin/staging'.
Your branch is up-to-date with 'origin/S_TWTools'.
activate magento plugin
start magento deploy via deployManager
jump over deployLibraries as no Magento libraryPath is set

2017-12-26T11:19:01+07:00 Starting deploy twtools.co.uk ...
Your branch is up-to-date with 'origin/staging'.
Your branch is up-to-date with 'origin/S_TWTools'.
activate magento plugin
start magento deploy via deployManager
jump over deployLibraries as no Magento libraryPath is set

2017-12-26T11:20:01+07:00 Starting deploy twtools.co.uk ...
Your branch is up-to-date with 'origin/staging'.
Your branch is up-to-date with 'origin/S_TWTools'.
activate magento plugin
start magento deploy via deployManager
jump over deployLibraries as no Magento libraryPath is set

2017-12-26T11:21:01+07:00 Starting deploy twtools.co.uk ...
Your branch is up-to-date with 'origin/staging'.
Your branch is up-to-date with 'origin/S_TWTools'.
activate magento plugin
start magento deploy via deployManager
jump over deployLibraries as no Magento libraryPath is set

2017-12-26T11:22:01+07:00 Starting deploy twtools.co.uk ...
Your branch is up-to-date with 'origin/staging'.
Your branch is up-to-date with 'origin/S_TWTools'.
activate magento plugin
start magento deploy via deployManager
jump over deployLibraries as no Magento libraryPath is set

2017-12-26T11:23:01+07:00 Starting deploy twtools.co.uk ...
Your branch is up-to-date with 'origin/staging'.
Your branch is up-to-date with 'origin/S_TWTools'.
activate magento plugin
start magento deploy via deployManager
jump over deployLibraries as no Magento libraryPath is set

2017-12-26T11:24:01+07:00 Starting deploy twtools.co.uk ...
Your branch is up-to-date with 'origin/staging'.
Your branch is up-to-date with 'origin/S_TWTools'.
activate magento plugin
start magento deploy via deployManager
jump over deployLibraries as no Magento libraryPath is set

2017-12-26T11:25:01+07:00 Starting deploy twtools.co.uk ...
Your branch is up-to-date with 'origin/staging'.
Your branch is up-to-date with 'origin/S_TWTools'.
activate magento plugin
start magento deploy via deployManager
jump over deployLibraries as no Magento libraryPath is set

2017-12-26T11:26:01+07:00 Starting deploy twtools.co.uk ...

2017-12-26T11:27:02+07:00 Starting deploy twtools.co.uk ...

2017-12-26T11:28:01+07:00 Starting deploy twtools.co.uk ...

2017-12-26T11:29:01+07:00 Starting deploy twtools.co.uk ...

2017-12-26T11:30:01+07:00 Starting deploy twtools.co.uk ...

2017-12-26T11:31:01+07:00 Starting deploy twtools.co.uk ...

2017-12-26T11:32:01+07:00 Starting deploy twtools.co.uk ...

2017-12-26T11:33:01+07:00 Starting deploy twtools.co.uk ...
Your branch is up-to-date with 'origin/staging'.
Your branch is up-to-date with 'origin/S_TWTools'.
activate magento plugin
start magento deploy via deployManager
jump over deployLibraries as no Magento libraryPath is set

2017-12-26T11:34:01+07:00 Starting deploy twtools.co.uk ...
Your branch is up-to-date with 'origin/staging'.
Your branch is up-to-date with 'origin/S_TWTools'.
activate magento plugin

2017-12-26T11:35:01+07:00 Starting deploy twtools.co.uk ...
Your branch is up-to-date with 'origin/staging'.
Your branch is up-to-date with 'origin/S_TWTools'.
activate magento plugin
start magento deploy via deployManager
start magento deploy for magento/magento2-base
jump over deployLibraries as no Magento libraryPath is set

2017-12-26T11:36:01+07:00 Starting deploy twtools.co.uk ...
Your branch is up-to-date with 'origin/staging'.
Your branch is up-to-date with 'origin/S_TWTools'.
activate magento plugin
start magento deploy via deployManager
jump over deployLibraries as no Magento libraryPath is set

2017-12-26T11:37:01+07:00 Starting deploy twtools.co.uk ...
Your branch is up-to-date with 'origin/staging'.
Your branch is up-to-date with 'origin/S_TWTools'.
activate magento plugin
start magento deploy via deployManager
jump over deployLibraries as no Magento libraryPath is set

2017-12-26T11:38:01+07:00 Starting deploy twtools.co.uk ...

2017-12-26T11:39:01+07:00 Starting deploy twtools.co.uk ...

2017-12-26T11:40:01+07:00 Starting deploy twtools.co.uk ...
activate magento plugin

2017-12-26T11:41:01+07:00 Starting deploy twtools.co.uk ...

2017-12-26T11:42:01+07:00 Starting deploy twtools.co.uk ...

2017-12-26T11:43:01+07:00 Starting deploy twtools.co.uk ...

2017-12-26T11:44:01+07:00 Starting deploy twtools.co.uk ...

2017-12-26T11:45:01+07:00 Starting deploy twtools.co.uk ...

2017-12-26T11:46:01+07:00 Starting deploy twtools.co.uk ...

2017-12-26T11:47:01+07:00 Starting deploy twtools.co.uk ...

2017-12-26T11:48:01+07:00 Starting deploy twtools.co.uk ...

2017-12-26T11:49:01+07:00 Starting deploy twtools.co.uk ...

2017-12-26T11:50:01+07:00 Starting deploy twtools.co.uk ...

2017-12-26T11:51:01+07:00 Starting deploy twtools.co.uk ...
Your branch is up-to-date with 'origin/staging'.
Your branch is up-to-date with 'origin/S_TWTools'.
activate magento plugin
start magento deploy via deployManager
jump over deployLibraries as no Magento libraryPath is set

2017-12-26T11:52:01+07:00 Starting deploy twtools.co.uk ...
Your branch is up-to-date with 'origin/staging'.
Your branch is up-to-date with 'origin/S_TWTools'.
activate magento plugin
start magento deploy via deployManager
jump over deployLibraries as no Magento libraryPath is set

2017-12-26T11:53:01+07:00 Starting deploy twtools.co.uk ...
Your branch is up-to-date with 'origin/staging'.
Your branch is up-to-date with 'origin/S_TWTools'.
activate magento plugin
start magento deploy via deployManager
jump over deployLibraries as no Magento libraryPath is set

2017-12-26T11:54:01+07:00 Starting deploy twtools.co.uk ...
Your branch is up-to-date with 'origin/staging'.
Your branch is up-to-date with 'origin/S_TWTools'.
activate magento plugin
start magento deploy via deployManager
jump over deployLibraries as no Magento libraryPath is set

2017-12-26T11:55:01+07:00 Starting deploy twtools.co.uk ...
Your branch is up-to-date with 'origin/staging'.
Your branch is up-to-date with 'origin/S_TWTools'.
activate magento plugin
start magento deploy via deployManager
jump over deployLibraries as no Magento libraryPath is set

2017-12-26T11:56:01+07:00 Starting deploy twtools.co.uk ...
Your branch is up-to-date with 'origin/staging'.
Your branch is up-to-date with 'origin/S_TWTools'.
activate magento plugin
start magento deploy via deployManager
jump over deployLibraries as no Magento libraryPath is set

2017-12-26T11:57:01+07:00 Starting deploy twtools.co.uk ...
Your branch is up-to-date with 'origin/staging'.
Your branch is up-to-date with 'origin/S_TWTools'.
activate magento plugin
start magento deploy via deployManager
jump over deployLibraries as no Magento libraryPath is set

2017-12-26T11:58:01+07:00 Starting deploy twtools.co.uk ...
Branch sprint_FED_Primary set up to track remote branch sprint_FED_Primary from origin.
Your branch is up-to-date with 'origin/S_TWTools'.
activate magento plugin
start magento deploy via deployManager
jump over deployLibraries as no Magento libraryPath is set

2017-12-26T11:59:01+07:00 Starting deploy twtools.co.uk ...
Your branch is up-to-date with 'origin/sprint_FED_Primary'.
Your branch is up-to-date with 'origin/S_TWTools'.
activate magento plugin
start magento deploy via deployManager
jump over deployLibraries as no Magento libraryPath is set

2017-12-26T12:00:01+07:00 Starting deploy twtools.co.uk ...
Your branch is up-to-date with 'origin/sprint_FED_Primary'.
Your branch is up-to-date with 'origin/S_TWTools'.
activate magento plugin
start magento deploy via deployManager
jump over deployLibraries as no Magento libraryPath is set

2017-12-26T12:01:01+07:00 Starting deploy twtools.co.uk ...
Your branch is up-to-date with 'origin/sprint_FED_Primary'.
Your branch is up-to-date with 'origin/S_TWTools'.
activate magento plugin
start magento deploy via deployManager
jump over deployLibraries as no Magento libraryPath is set

2017-12-26T12:02:01+07:00 Starting deploy twtools.co.uk ...
Your branch is up-to-date with 'origin/sprint_FED_Primary'.
Your branch is up-to-date with 'origin/S_TWTools'.
activate magento plugin
start magento deploy via deployManager
jump over deployLibraries as no Magento libraryPath is set

2017-12-26T12:03:01+07:00 Starting deploy twtools.co.uk ...
Your branch is up-to-date with 'origin/sprint_FED_Primary'.
Your branch is up-to-date with 'origin/S_TWTools'.
activate magento plugin
start magento deploy via deployManager
jump over deployLibraries as no Magento libraryPath is set

2017-12-26T12:04:01+07:00 Starting deploy twtools.co.uk ...
Your branch is up-to-date with 'origin/sprint_FED_Primary'.
Your branch is up-to-date with 'origin/S_TWTools'.
activate magento plugin
start magento deploy via deployManager
jump over deployLibraries as no Magento libraryPath is set

2017-12-26T12:05:01+07:00 Starting deploy twtools.co.uk ...
Your branch is up-to-date with 'origin/sprint_FED_Primary'.
Your branch is up-to-date with 'origin/S_TWTools'.
activate magento plugin
start magento deploy via deployManager
jump over deployLibraries as no Magento libraryPath is set

2017-12-26T12:06:01+07:00 Starting deploy twtools.co.uk ...
Your branch is up-to-date with 'origin/sprint_FED_Primary'.
Your branch is up-to-date with 'origin/S_TWTools'.
activate magento plugin
start magento deploy via deployManager
jump over deployLibraries as no Magento libraryPath is set

2017-12-26T12:07:01+07:00 Starting deploy twtools.co.uk ...
Your branch is up-to-date with 'origin/sprint_FED_Primary'.
Your branch is up-to-date with 'origin/S_TWTools'.
activate magento plugin
start magento deploy via deployManager
jump over deployLibraries as no Magento libraryPath is set

2017-12-26T12:08:01+07:00 Starting deploy twtools.co.uk ...
Your branch is up-to-date with 'origin/sprint_FED_Primary'.
Your branch is up-to-date with 'origin/S_TWTools'.
activate magento plugin
start magento deploy via deployManager
jump over deployLibraries as no Magento libraryPath is set

2017-12-26T12:09:01+07:00 Starting deploy twtools.co.uk ...
Your branch is up-to-date with 'origin/sprint_FED_Primary'.
Your branch is up-to-date with 'origin/S_TWTools'.
activate magento plugin
start magento deploy via deployManager
jump over deployLibraries as no Magento libraryPath is set

2017-12-26T12:10:01+07:00 Starting deploy twtools.co.uk ...
Your branch is up-to-date with 'origin/sprint_FED_Primary'.
Your branch is up-to-date with 'origin/S_TWTools'.
activate magento plugin
start magento deploy via deployManager
jump over deployLibraries as no Magento libraryPath is set

2017-12-26T12:11:01+07:00 Starting deploy twtools.co.uk ...
Your branch is up-to-date with 'origin/sprint_FED_Primary'.
Your branch is up-to-date with 'origin/S_TWTools'.
activate magento plugin
start magento deploy via deployManager
jump over deployLibraries as no Magento libraryPath is set

2017-12-26T12:12:01+07:00 Starting deploy twtools.co.uk ...
Your branch is up-to-date with 'origin/sprint_FED_Primary'.
Your branch is up-to-date with 'origin/S_TWTools'.
activate magento plugin
start magento deploy via deployManager
jump over deployLibraries as no Magento libraryPath is set

2017-12-26T12:13:01+07:00 Starting deploy twtools.co.uk ...
Your branch is up-to-date with 'origin/sprint_FED_Primary'.
Your branch is up-to-date with 'origin/S_TWTools'.
activate magento plugin
start magento deploy via deployManager
jump over deployLibraries as no Magento libraryPath is set

2017-12-26T12:14:01+07:00 Starting deploy twtools.co.uk ...
Your branch is up-to-date with 'origin/sprint_FED_Primary'.
Your branch is up-to-date with 'origin/S_TWTools'.
activate magento plugin
start magento deploy via deployManager
jump over deployLibraries as no Magento libraryPath is set

2017-12-26T12:15:01+07:00 Starting deploy twtools.co.uk ...
Your branch is up-to-date with 'origin/sprint_FED_Primary'.
Your branch is up-to-date with 'origin/S_TWTools'.
activate magento plugin
start magento deploy via deployManager
jump over deployLibraries as no Magento libraryPath is set

2017-12-26T12:16:01+07:00 Starting deploy twtools.co.uk ...
Your branch is up-to-date with 'origin/sprint_FED_Primary'.
Your branch is up-to-date with 'origin/S_TWTools'.
activate magento plugin
start magento deploy via deployManager
jump over deployLibraries as no Magento libraryPath is set

2017-12-26T12:17:01+07:00 Starting deploy twtools.co.uk ...
Your branch is up-to-date with 'origin/sprint_FED_Primary'.
Your branch is up-to-date with 'origin/S_TWTools'.
activate magento plugin
start magento deploy via deployManager
jump over deployLibraries as no Magento libraryPath is set

2017-12-26T12:18:02+07:00 Starting deploy twtools.co.uk ...
Your branch is up-to-date with 'origin/sprint_FED_Primary'.
Your branch is up-to-date with 'origin/S_TWTools'.
activate magento plugin
start magento deploy via deployManager
jump over deployLibraries as no Magento libraryPath is set

2017-12-26T12:19:02+07:00 Starting deploy twtools.co.uk ...
Your branch is up-to-date with 'origin/sprint_FED_Primary'.
Your branch is up-to-date with 'origin/S_TWTools'.
activate magento plugin
start magento deploy via deployManager
jump over deployLibraries as no Magento libraryPath is set

2017-12-26T12:20:01+07:00 Starting deploy twtools.co.uk ...
Your branch is up-to-date with 'origin/sprint_FED_Primary'.
Your branch is up-to-date with 'origin/S_TWTools'.
activate magento plugin
start magento deploy via deployManager
jump over deployLibraries as no Magento libraryPath is set

2017-12-26T12:21:01+07:00 Starting deploy twtools.co.uk ...
Your branch is up-to-date with 'origin/sprint_FED_Primary'.
Your branch is up-to-date with 'origin/S_TWTools'.
activate magento plugin
start magento deploy via deployManager
jump over deployLibraries as no Magento libraryPath is set

2017-12-26T12:22:01+07:00 Starting deploy twtools.co.uk ...
Your branch is up-to-date with 'origin/sprint_FED_Primary'.
Your branch is up-to-date with 'origin/S_TWTools'.
activate magento plugin
start magento deploy via deployManager
jump over deployLibraries as no Magento libraryPath is set

2017-12-26T12:23:01+07:00 Starting deploy twtools.co.uk ...
Your branch is up-to-date with 'origin/sprint_FED_Primary'.
Your branch is up-to-date with 'origin/S_TWTools'.
activate magento plugin
start magento deploy via deployManager
jump over deployLibraries as no Magento libraryPath is set

2017-12-26T12:24:01+07:00 Starting deploy twtools.co.uk ...
Your branch is up-to-date with 'origin/sprint_FED_Primary'.
Your branch is up-to-date with 'origin/S_TWTools'.
activate magento plugin
start magento deploy via deployManager
jump over deployLibraries as no Magento libraryPath is set

2017-12-26T12:25:01+07:00 Starting deploy twtools.co.uk ...
Your branch is up-to-date with 'origin/sprint_FED_Primary'.
Your branch is up-to-date with 'origin/S_TWTools'.
activate magento plugin
start magento deploy via deployManager
jump over deployLibraries as no Magento libraryPath is set

2017-12-26T12:26:01+07:00 Starting deploy twtools.co.uk ...
Your branch is up-to-date with 'origin/sprint_FED_Primary'.
Your branch is up-to-date with 'origin/S_TWTools'.
activate magento plugin
start magento deploy via deployManager
jump over deployLibraries as no Magento libraryPath is set

2017-12-26T12:27:01+07:00 Starting deploy twtools.co.uk ...
Your branch is up-to-date with 'origin/sprint_FED_Primary'.
Your branch is up-to-date with 'origin/S_TWTools'.
activate magento plugin
start magento deploy via deployManager
jump over deployLibraries as no Magento libraryPath is set

2017-12-26T12:28:01+07:00 Starting deploy twtools.co.uk ...
Your branch is up-to-date with 'origin/sprint_FED_Primary'.
Your branch is up-to-date with 'origin/S_TWTools'.

2017-12-26T12:29:01+07:00 Starting deploy twtools.co.uk ...
Your branch is up-to-date with 'origin/sprint_FED_Primary'.
Your branch is up-to-date with 'origin/S_TWTools'.

2017-12-26T12:30:01+07:00 Starting deploy twtools.co.uk ...
Your branch is up-to-date with 'origin/sprint_FED_Primary'.
Your branch is up-to-date with 'origin/S_TWTools'.

2017-12-26T12:31:01+07:00 Starting deploy twtools.co.uk ...
Your branch is up-to-date with 'origin/sprint_FED_Primary'.
Your branch is up-to-date with 'origin/S_TWTools'.

2017-12-26T12:32:01+07:00 Starting deploy twtools.co.uk ...
Your branch is up-to-date with 'origin/sprint_FED_Primary'.
Your branch is up-to-date with 'origin/S_TWTools'.

2017-12-26T12:33:01+07:00 Starting deploy twtools.co.uk ...
Your branch is up-to-date with 'origin/sprint_FED_Primary'.
Your branch is up-to-date with 'origin/S_TWTools'.

2017-12-26T12:34:01+07:00 Starting deploy twtools.co.uk ...
Your branch is up-to-date with 'origin/sprint_FED_Primary'.
Your branch is up-to-date with 'origin/S_TWTools'.
activate magento plugin
start magento deploy via deployManager
jump over deployLibraries as no Magento libraryPath is set

2017-12-26T12:35:01+07:00 Starting deploy twtools.co.uk ...
Your branch is up-to-date with 'origin/sprint_FED_Primary'.
Your branch is up-to-date with 'origin/S_TWTools'.
activate magento plugin
start magento deploy via deployManager
jump over deployLibraries as no Magento libraryPath is set

2017-12-26T12:36:02+07:00 Starting deploy twtools.co.uk ...
Your branch is up-to-date with 'origin/sprint_FED_Primary'.
Your branch is up-to-date with 'origin/S_TWTools'.
activate magento plugin
start magento deploy via deployManager
jump over deployLibraries as no Magento libraryPath is set

2017-12-26T12:37:01+07:00 Starting deploy twtools.co.uk ...
Your branch is up-to-date with 'origin/sprint_FED_Primary'.
Your branch is up-to-date with 'origin/S_TWTools'.
activate magento plugin
start magento deploy via deployManager
jump over deployLibraries as no Magento libraryPath is set

2017-12-26T12:38:01+07:00 Starting deploy twtools.co.uk ...
Your branch is up-to-date with 'origin/sprint_FED_Primary'.
Your branch is up-to-date with 'origin/S_TWTools'.
activate magento plugin
start magento deploy via deployManager
jump over deployLibraries as no Magento libraryPath is set

2017-12-26T12:39:01+07:00 Starting deploy twtools.co.uk ...
Your branch is up-to-date with 'origin/sprint_FED_Primary'.
Your branch is up-to-date with 'origin/S_TWTools'.
activate magento plugin
start magento deploy via deployManager
jump over deployLibraries as no Magento libraryPath is set

2017-12-26T12:40:01+07:00 Starting deploy twtools.co.uk ...
Your branch is up-to-date with 'origin/sprint_FED_Primary'.
Your branch is up-to-date with 'origin/S_TWTools'.
activate magento plugin
start magento deploy via deployManager
jump over deployLibraries as no Magento libraryPath is set

2017-12-26T12:41:01+07:00 Starting deploy twtools.co.uk ...
Your branch is up-to-date with 'origin/sprint_FED_Primary'.
Your branch is up-to-date with 'origin/S_TWTools'.
activate magento plugin
start magento deploy via deployManager
jump over deployLibraries as no Magento libraryPath is set

2017-12-26T12:42:01+07:00 Starting deploy twtools.co.uk ...
Your branch is up-to-date with 'origin/sprint_FED_Primary'.
Your branch is up-to-date with 'origin/S_TWTools'.
activate magento plugin
start magento deploy via deployManager
jump over deployLibraries as no Magento libraryPath is set

2017-12-26T12:43:01+07:00 Starting deploy twtools.co.uk ...
Your branch is up-to-date with 'origin/sprint_FED_Primary'.
Your branch is up-to-date with 'origin/S_TWTools'.
activate magento plugin
start magento deploy via deployManager
jump over deployLibraries as no Magento libraryPath is set

2017-12-26T12:44:01+07:00 Starting deploy twtools.co.uk ...
Your branch is up-to-date with 'origin/sprint_FED_Primary'.
Your branch is up-to-date with 'origin/S_TWTools'.
activate magento plugin
start magento deploy via deployManager
jump over deployLibraries as no Magento libraryPath is set

2017-12-26T12:45:01+07:00 Starting deploy twtools.co.uk ...
Your branch is up-to-date with 'origin/sprint_FED_Primary'.
Your branch is up-to-date with 'origin/S_TWTools'.
activate magento plugin
start magento deploy via deployManager
jump over deployLibraries as no Magento libraryPath is set

2017-12-26T12:46:01+07:00 Starting deploy twtools.co.uk ...
Your branch is up-to-date with 'origin/sprint_FED_Primary'.
Your branch is up-to-date with 'origin/S_TWTools'.
activate magento plugin
start magento deploy via deployManager
jump over deployLibraries as no Magento libraryPath is set

2017-12-26T12:47:01+07:00 Starting deploy twtools.co.uk ...
Your branch is up-to-date with 'origin/sprint_FED_Primary'.
Your branch is up-to-date with 'origin/S_TWTools'.
activate magento plugin
start magento deploy via deployManager
jump over deployLibraries as no Magento libraryPath is set

2017-12-26T12:48:01+07:00 Starting deploy twtools.co.uk ...
Your branch is up-to-date with 'origin/sprint_FED_Primary'.
Your branch is up-to-date with 'origin/S_TWTools'.
activate magento plugin
start magento deploy via deployManager
jump over deployLibraries as no Magento libraryPath is set
The following cache types were enabled: 

2017-12-26T12:49:01+07:00 Starting deploy twtools.co.uk ...
Your branch is up-to-date with 'origin/sprint_FED_Primary'.
Your branch is up-to-date with 'origin/S_TWTools'.
activate magento plugin
start magento deploy via deployManager
jump over deployLibraries as no Magento libraryPath is set
The following cache types were enabled: 

2017-12-26T12:50:01+07:00 Starting deploy twtools.co.uk ...
Your branch is up-to-date with 'origin/sprint_FED_Primary'.
Your branch is up-to-date with 'origin/S_TWTools'.
activate magento plugin
start magento deploy via deployManager
jump over deployLibraries as no Magento libraryPath is set
The following cache types were enabled: 

2017-12-26T12:51:01+07:00 Starting deploy twtools.co.uk ...
Your branch is up-to-date with 'origin/sprint_FED_Primary'.
Your branch is up-to-date with 'origin/S_TWTools'.
activate magento plugin
start magento deploy via deployManager
jump over deployLibraries as no Magento libraryPath is set
The following cache types were enabled: 

2017-12-26T12:52:01+07:00 Starting deploy twtools.co.uk ...
Your branch is up-to-date with 'origin/sprint_FED_Primary'.
Your branch is up-to-date with 'origin/S_TWTools'.
activate magento plugin
start magento deploy via deployManager
jump over deployLibraries as no Magento libraryPath is set
The following cache types were enabled: 

2017-12-26T12:53:01+07:00 Starting deploy twtools.co.uk ...
Your branch is up-to-date with 'origin/sprint_FED_Primary'.
Your branch is up-to-date with 'origin/S_TWTools'.
activate magento plugin
start magento deploy via deployManager
jump over deployLibraries as no Magento libraryPath is set
The following cache types were enabled: 

2017-12-26T12:54:01+07:00 Starting deploy twtools.co.uk ...
Your branch is up-to-date with 'origin/sprint_FED_Primary'.
Your branch is up-to-date with 'origin/S_TWTools'.
activate magento plugin
start magento deploy via deployManager
jump over deployLibraries as no Magento libraryPath is set
The following cache types were enabled: 

2017-12-26T12:55:01+07:00 Starting deploy twtools.co.uk ...
Your branch is up-to-date with 'origin/sprint_FED_Primary'.
Your branch is up-to-date with 'origin/S_TWTools'.
activate magento plugin
start magento deploy via deployManager
jump over deployLibraries as no Magento libraryPath is set
The following cache types were enabled: 

2017-12-26T12:56:01+07:00 Starting deploy twtools.co.uk ...
Your branch is up-to-date with 'origin/sprint_FED_Primary'.
Your branch is up-to-date with 'origin/S_TWTools'.
activate magento plugin
start magento deploy via deployManager
jump over deployLibraries as no Magento libraryPath is set
The following cache types were enabled: 

2017-12-26T12:57:01+07:00 Starting deploy twtools.co.uk ...
Your branch is up-to-date with 'origin/sprint_FED_Primary'.
Your branch is up-to-date with 'origin/S_TWTools'.
activate magento plugin
start magento deploy via deployManager
jump over deployLibraries as no Magento libraryPath is set
The following cache types were enabled: 

2017-12-26T12:58:01+07:00 Starting deploy twtools.co.uk ...
Your branch is up-to-date with 'origin/sprint_FED_Primary'.
Your branch is up-to-date with 'origin/S_TWTools'.
activate magento plugin
start magento deploy via deployManager
jump over deployLibraries as no Magento libraryPath is set
The following cache types were enabled: 

2017-12-26T12:59:01+07:00 Starting deploy twtools.co.uk ...
Your branch is up-to-date with 'origin/sprint_FED_Primary'.
Your branch is up-to-date with 'origin/S_TWTools'.
activate magento plugin
start magento deploy via deployManager
jump over deployLibraries as no Magento libraryPath is set
The following cache types were enabled: 

2017-12-26T13:00:01+07:00 Starting deploy twtools.co.uk ...
Your branch is up-to-date with 'origin/sprint_FED_Primary'.
Your branch is up-to-date with 'origin/S_TWTools'.
activate magento plugin
start magento deploy via deployManager
jump over deployLibraries as no Magento libraryPath is set
The following cache types were enabled: 

2017-12-26T13:01:01+07:00 Starting deploy twtools.co.uk ...
Your branch is up-to-date with 'origin/sprint_FED_Primary'.
Your branch is up-to-date with 'origin/S_TWTools'.
activate magento plugin
start magento deploy via deployManager
jump over deployLibraries as no Magento libraryPath is set
The following cache types were enabled: 

2017-12-26T13:02:01+07:00 Starting deploy twtools.co.uk ...
Your branch is up-to-date with 'origin/sprint_FED_Primary'.
Your branch is up-to-date with 'origin/S_TWTools'.
activate magento plugin
start magento deploy via deployManager
jump over deployLibraries as no Magento libraryPath is set
The following cache types were enabled: 

2017-12-26T13:03:01+07:00 Starting deploy twtools.co.uk ...
Your branch is up-to-date with 'origin/sprint_FED_Primary'.
Your branch is up-to-date with 'origin/S_TWTools'.
activate magento plugin
start magento deploy via deployManager
jump over deployLibraries as no Magento libraryPath is set
The following cache types were enabled: 

2017-12-26T13:04:01+07:00 Starting deploy twtools.co.uk ...
Your branch is up-to-date with 'origin/sprint_FED_Primary'.
Your branch is up-to-date with 'origin/S_TWTools'.
activate magento plugin
start magento deploy via deployManager
jump over deployLibraries as no Magento libraryPath is set
The following cache types were enabled: 

2017-12-26T13:05:01+07:00 Starting deploy twtools.co.uk ...
Your branch is up-to-date with 'origin/sprint_FED_Primary'.
Your branch is up-to-date with 'origin/S_TWTools'.
activate magento plugin
start magento deploy via deployManager
jump over deployLibraries as no Magento libraryPath is set
The following cache types were enabled: 

2017-12-26T13:06:01+07:00 Starting deploy twtools.co.uk ...
Your branch is up-to-date with 'origin/sprint_FED_Primary'.
Your branch is up-to-date with 'origin/S_TWTools'.
activate magento plugin
start magento deploy via deployManager
jump over deployLibraries as no Magento libraryPath is set
The following cache types were enabled: 

2017-12-26T13:07:01+07:00 Starting deploy twtools.co.uk ...
Your branch is up-to-date with 'origin/sprint_FED_Primary'.
Your branch is up-to-date with 'origin/S_TWTools'.
activate magento plugin
start magento deploy via deployManager
jump over deployLibraries as no Magento libraryPath is set
The following cache types were enabled: 

2017-12-26T13:08:01+07:00 Starting deploy twtools.co.uk ...
Your branch is up-to-date with 'origin/sprint_FED_Primary'.
Your branch is up-to-date with 'origin/S_TWTools'.
activate magento plugin
start magento deploy via deployManager
jump over deployLibraries as no Magento libraryPath is set
The following cache types were enabled: 

2017-12-26T13:09:01+07:00 Starting deploy twtools.co.uk ...
Your branch is up-to-date with 'origin/sprint_FED_Primary'.
Your branch is up-to-date with 'origin/S_TWTools'.
activate magento plugin
start magento deploy via deployManager
jump over deployLibraries as no Magento libraryPath is set
The following cache types were enabled: 
